2025-04-04 15:34:30 - Request received

2025-04-04 15:34:40 - Request received

2025-04-04 15:35:34 - Request received

2025-04-04 15:35:34 - Request received

2025-04-04 15:35:35 - Request received

2025-04-04 15:35:35 - Request received

2025-04-04 15:35:35 - Request received

2025-04-04 15:35:35 - Request received

2025-04-04 15:35:35 - Request received

2025-04-04 15:35:35 - Request received

2025-04-04 15:35:36 - Request received

2025-04-04 15:35:36 - Request received

2025-04-04 15:35:36 - Request received

2025-04-04 19:53:54 - Request received

2025-04-04 19:53:58 - Request received

2025-04-04 19:55:46 - Request received

2025-04-04 19:55:47 - Request received

2025-04-04 19:55:48 - Request received

2025-04-04 19:55:48 - Request received

2025-04-04 19:55:48 - Request received

2025-04-04 19:55:49 - Request received

2025-04-04 19:55:49 - Request received

2025-04-04 19:55:49 - Request received

2025-04-04 19:55:54 - Request received

2025-04-04 19:57:46 - Request received

2025-06-11 14:50:46 - Enhanced Debug - REQUEST_METHOD: POST
2025-06-11 14:50:46 - Enhanced Debug - POST Data: Array
(
    [action] => createReport
    [title] => Test Report
    [username] => testuser
)

2025-06-11 14:50:46 - Enhanced Debug - FILES Data: Array
(
)

2025-06-11 14:52:30 - Enhanced Debug - REQUEST_METHOD: POST
2025-06-11 14:52:30 - Enhanced Debug - POST Data: Array
(
    [action] => createReport
    [title] => Test Photo Upload
    [description] => Testing photo upload functionality
    [category] => IT
    [location] => Test Location
    [username] => testuser
)

2025-06-11 14:52:30 - Enhanced Debug - FILES Data: Array
(
    [images] => Array
        (
            [name] => test_image.jpg
            [full_path] => test_image.jpg
            [type] => image/jpeg
            [tmp_name] => /tmp/phpc6nogs59jc1h4IekUv5
            [error] => 0
            [size] => 19
        )

)

2025-06-11 14:52:42 - Enhanced Debug - REQUEST_METHOD: POST
2025-06-11 14:52:42 - Enhanced Debug - POST Data: Array
(
    [action] => createReport
    [title] => Test Photo Upload
    [description] => Testing photo upload functionality
    [category] => IT
    [location] => Test Location
    [username] => testuser
)

2025-06-11 14:52:42 - Enhanced Debug - FILES Data: Array
(
    [images] => Array
        (
            [name] => test_image.jpg
            [full_path] => test_image.jpg
            [type] => image/jpeg
            [tmp_name] => /tmp/php0jq63euqjlnpb3VK1Lp
            [error] => 0
            [size] => 19
        )

)

2025-06-11 15:05:36 - Enhanced Debug - REQUEST_METHOD: POST
2025-06-11 15:05:36 - Enhanced Debug - POST Data: Array
(
    [action] => createReport
    [title] => Test
    [description] => Test
    [category] => IT
    [location] => Test
    [username] => testuser
)

2025-06-11 15:05:36 - Enhanced Debug - FILES Data: Array
(
)

2025-06-11 15:05:36 - Enhanced Debug - Upload Dir: /home/vboxuser/Downloads/AplicatieAndroidProvidenta-main2/public_html/uploads/
